<?xml version="1.0" encoding="UTF-8"?>
<testng-results ignored="0" total="1" passed="1" failed="0" skipped="0">
  <reporter-output>
  </reporter-output>
  <suite started-at="2018-05-23T11:27:43Z" name="Suite" finished-at="2018-05-23T11:27:43Z" duration-ms="33">
    <groups>
    </groups>
    <test started-at="2018-05-23T11:27:43Z" name="Default test" finished-at="2018-05-23T11:27:43Z" duration-ms="33">
      <class name="Test1.fileread">
        <test-method signature="filereader1()[pri:0, instance:Test1.fileread@2b48a640]" started-at="2018-05-23T11:27:43Z" name="filereader1" finished-at="2018-05-23T11:27:43Z" duration-ms="8" status="PASS">
          <reporter-output>
          </reporter-output>
        </test-method> <!-- filereader1 -->
      </class> <!-- Test1.fileread -->
    </test> <!-- Default test -->
  </suite> <!-- Suite -->
</testng-results>
